0 silly argv {
0 silly argv   _: [ 'run' ],
0 silly argv   scope: 'lerna-module2',
0 silly argv   lernaVersion: '7.1.5',
0 silly argv   '$0': 'C:\\Users\\salva\\AppData\\Roaming\\npm\\node_modules\\lerna\\dist\\cli.js',
0 silly argv   script: 'test'
0 silly argv }
1 notice cli v7.1.5
2 verbose packageConfigs Explicit "packages" configuration found in lerna.json. Resolving packages using the configured glob(s): ["packages/*"]
3 verbose rootPath D:\workSpace5\yarn-workspaces-lerna-nx
4 error TypeError [ERR_INVALID_ARG_TYPE]: Failed to process the project graph with "nx-js-graph-plugin".
4 error The "data" argument must be of type string or an instance of Buffer, TypedArray, or DataView. Received undefined
4 error     at writeFileSync (node:fs:2314:5)
4 error     at writeLastProcessedLockfileHash (D:\workSpace5\yarn-workspaces-lerna-nx\node_modules\nx\src\plugins\js\index.js:53:28)
4 error     at D:\workSpace5\yarn-workspaces-lerna-nx\node_modules\nx\src\plugins\js\index.js:26:17
4 error     at Generator.next (<anonymous>)
4 error     at D:\workSpace5\yarn-workspaces-lerna-nx\node_modules\tslib\tslib.js:169:75
4 error     at new Promise (<anonymous>)
4 error     at Object.__awaiter (D:\workSpace5\yarn-workspaces-lerna-nx\node_modules\tslib\tslib.js:165:16)
4 error     at Object.processProjectGraph (D:\workSpace5\yarn-workspaces-lerna-nx\node_modules\nx\src\plugins\js\index.js:16:57)
4 error     at D:\workSpace5\yarn-workspaces-lerna-nx\node_modules\nx\src\project-graph\build-project-graph.js:121:38
