Arguments: 
  C:\Program Files\nodejs\node.exe C:\Users\salva\AppData\Roaming\npm\node_modules\yarn\bin\yarn.js

PATH: 
  C:\Users\salva\bin;C:\Program Files\Git\mingw64\bin;C:\Program Files\Git\usr\local\bin;C:\Program Files\Git\usr\bin;C:\Program Files\Git\usr\bin;C:\Program Files\Git\mingw64\bin;C:\Program Files\Git\usr\bin;C:\Users\salva\bin;C:\WINDOWS\system32;C:\WINDOWS;C:\WINDOWS\System32\Wbem;C:\WINDOWS\System32\WindowsPowerShell\v1.0;C:\WINDOWS\System32\OpenSSH;C:\Program Files\Bandizip;C:\Program Files\PuTTY;C:\Program Files\Git\cmd;C:\Program Files\SourceGear\Common\DiffMerge;C:\Program Files\Docker\Docker\resources\bin;C:\Program Files\nodejs;C:\Users\salva\AppData\Local\Microsoft\WindowsApps;C:\Users\salva\AppData\Local\Programs\Microsoft VS Code\bin;C:\Program Files\jdk-17.0.2\bin;C:\Users\salva\AppData\Roaming\npm;C:\Program Files\Git\usr\bin\vendor_perl;C:\Program Files\Git\usr\bin\core_perl

Yarn version: 
  1.22.18

Node version: 
  18.17.0

Platform: 
  win32 x64

Trace: 
  SyntaxError: D:\workSpace5\yarn-workspaces-lerna-nx\packages\lerna-module2\package.json: Unexpected token / in JSON at position 491
      at JSON.parse (<anonymous>)
      at C:\Users\salva\AppData\Roaming\npm\node_modules\yarn\lib\cli.js:1625:59
      at Generator.next (<anonymous>)
      at step (C:\Users\salva\AppData\Roaming\npm\node_modules\yarn\lib\cli.js:310:30)
      at C:\Users\salva\AppData\Roaming\npm\node_modules\yarn\lib\cli.js:321:13

npm manifest: 
  {
    "name": "lerna-module2",
    "version": "1.0.0",
    "description": "> TODO: description",
    "author": "JYH <salvayh@thingspire.com>",
    "homepage": "https://github.com/junsun0708/yarn-workspaces-lerna-nx#readme",
    "license": "ISC",
    "main": "src/index.js",
    "directories": {
      "lib": "lib",
      "test": "__tests__"
    },
    "files": [
      "lib"
    ],
    "repository": {
      "type": "git",
      "url": "git+https://github.com/junsun0708/yarn-workspaces-lerna-nx.git"
    },
    "scripts": {
      //"test": "node ./__tests__/lerna-module2.test.js"
      "test": "node ./src/index.js"
    },
    "bugs": {
      "url": "https://github.com/junsun0708/yarn-workspaces-lerna-nx/issues"
    }
  }

yarn manifest: 
  No manifest

Lockfile: 
  No lockfile
